{
  "RSpec": {
    "coverage": {
      "/Volumes/dream2/api.goodcity/app/models/user.rb": [
        1,
        1,
        1,
        1,
        1,
        null,
        1,
        null,
        1,
        1,
        null,
        null,
        1,
        1,
        null,
        null,
        1,
        7,
        7,
        7,
        7,
        6,
        null,
        1,
        null,
        1,
        null,
        0,
        null,
        null,
        null,
        1,
        3,
        null,
        null,
        1,
        3,
        null,
        null,
        1,
        0,
        null,
        null,
        1,
        0,
        null,
        null,
        1,
        0,
        null,
        null,
        1,
        0,
        null,
        null,
        1,
        1,
        null,
        null,
        1,
        9,
        9,
        9,
        8,
        null,
        null,
        1,
        9,
        9,
        9,
        9,
        9,
        null,
        null,
        1,
        29,
        null,
        null
      ],
      "/Volumes/dream2/api.goodcity/app/models/auth_token.rb": [
        1,
        1,
        1,
        null,
        1,
        34,
        null,
        null
      ],
      "/Volumes/dream2/api.goodcity/app/models/offer.rb": [
        1,
        null,
        1,
        1,
        1,
        null,
        1,
        0,
        null,
        null,
        null,
        null,
        1,
        1,
        null,
        1,
        1,
        null,
        null,
        null,
        1,
        0,
        null,
        null,
        null
      ],
      "/Volumes/dream2/api.goodcity/app/models/message.rb": [
        1,
        null,
        1,
        1,
        null,
        null
      ],
      "/Volumes/dream2/api.goodcity/app/models/permission.rb": [
        1,
        null,
        1,
        null,
        null
      ],
      "/Volumes/dream2/api.goodcity/app/models/twilio_services.rb": [
        1,
        1,
        null,
        1,
        1,
        1,
        null,
        0,
        null,
        null,
        1,
        9,
        null,
        null,
        1,
        9,
        9,
        9,
        null,
        null,
        null,
        1,
        1,
        null,
        null,
        null
      ]
    },
    "timestamp": 1406534864
  }
}
